<?xml version="1.0" encoding="UTF-8"?>
<!-- Generated by org.testng.reporters.JUnitReportReporter -->
<testsuite hostname="AMMI-PC" name="com.rest.test.RestMethdTest" tests="1" failures="0" timestamp="16 Nov 2018 12:45:05 GMT" time="4.229" errors="0">
  <testcase name="searchTest" time="4.229" classname="com.rest.test.RestMethdTest"/>
</testsuite> <!-- com.rest.test.RestMethdTest -->
